This is pdfTeX, Version 3.14159265-2.6-1.40.20 (TeX Live 2019/W32TeX) (preloaded format=pdflatex 2020.4.2)  11 MAY 2020 17:58
entering extended mode
 \write18 enabled.
 file:line:error style messages enabled.
 %&-line parsing enabled.
**"c:/Users/Johan Olesen/Documents/GitHub/GoldMiner/Rapport/Eksamensprojekt_ProC.tex"
(c:/Users/Johan Olesen/Documents/GitHub/GoldMiner/Rapport/Eksamensprojekt_ProC.tex
LaTeX2e <2020-02-02> patch level 5
L3 programming layer <2020-02-25> (c:/texlive/2019/texmf-dist/tex/latex/base/article.cls
Document Class: article 2019/12/20 v1.4l Standard LaTeX document class
(c:/texlive/2019/texmf-dist/tex/latex/base/size12.clo
File: size12.clo 2019/12/20 v1.4l Standard LaTeX file (size option)
)
\c@part=\count167
\c@section=\count168
\c@subsection=\count169
\c@subsubsection=\count170
\c@paragraph=\count171
\c@subparagraph=\count172
\c@figure=\count173
\c@table=\count174
\abovecaptionskip=\skip47
\belowcaptionskip=\skip48
\bibindent=\dimen134
) (c:/texlive/2019/texmf-dist/tex/latex/base/inputenc.sty
Package: inputenc 2018/08/11 v1.3c Input encoding file
\inpenc@prehook=\toks15
\inpenc@posthook=\toks16
) (c:/texlive/2019/texmf-dist/tex/generic/babel/babel.sty
Package: babel 2020/02/28 3.41 The Babel package
 (c:/texlive/2019/texmf-dist/tex/generic/babel/switch.def
File: switch.def 2020/02/28 3.41 Babel switching mechanism
) (c:/texlive/2019/texmf-dist/tex/generic/babel-danish/danish.ldf
Language: danish 2009/09/19 v1.3r Danish support from the babel system
 (c:/texlive/2019/texmf-dist/tex/generic/babel/babel.def
File: babel.def 2020/02/28 3.41 Babel common definitions
\babel@savecnt=\count175
\U@D=\dimen135
 (c:/texlive/2019/texmf-dist/tex/generic/babel/txtbabel.def)
\bbl@readstream=\read2
\bbl@dirlevel=\count176
)
Package babel Info: Making " an active character on input line 82.
)) (c:/texlive/2019/texmf-dist/tex/latex/xcolor/xcolor.sty
Package: xcolor 2016/05/11 v2.12 LaTeX color extensions (UK)
 (c:/texlive/2019/texmf-dist/tex/latex/graphics-cfg/color.cfg
File: color.cfg 2016/01/02 v1.6 sample color configuration
)
Package xcolor Info: Driver file: pdftex.def on input line 225.
 (c:/texlive/2019/texmf-dist/tex/latex/graphics-def/pdftex.def
File: pdftex.def 2018/01/08 v1.0l Graphics/color driver for pdftex
) (c:/texlive/2019/texmf-dist/tex/latex/colortbl/colortbl.sty
Package: colortbl 2020/01/04 v1.0e Color table columns (DPC)
 (c:/texlive/2019/texmf-dist/tex/latex/tools/array.sty
Package: array 2019/08/31 v2.4l Tabular extension package (FMi)
\col@sep=\dimen136
\ar@mcellbox=\box45
\extrarowheight=\dimen137
\NC@list=\toks17
\extratabsurround=\skip49
\backup@length=\skip50
\ar@cellbox=\box46
)
\everycr=\toks18
\minrowclearance=\skip51
)
\rownum=\count177
Package xcolor Info: Model `cmy' substituted by `cmy0' on input line 1348.
Package xcolor Info: Model `hsb' substituted by `rgb' on input line 1352.
Package xcolor Info: Model `RGB' extended on input line 1364.
Package xcolor Info: Model `HTML' substituted by `rgb' on input line 1366.
Package xcolor Info: Model `Hsb' substituted by `hsb' on input line 1367.
Package xcolor Info: Model `tHsb' substituted by `hsb' on input line 1368.
Package xcolor Info: Model `HSB' substituted by `hsb' on input line 1369.
Package xcolor Info: Model `Gray' substituted by `gray' on input line 1370.
Package xcolor Info: Model `wave' substituted by `hsb' on input line 1371.
 (c:/texlive/2019/texmf-dist/tex/latex/graphics/dvipsnam.def
File: dvipsnam.def 2016/06/17 v3.0m Driver-dependent file (DPC,SPQR)
)) (c:/texlive/2019/texmf-dist/tex/latex/pgf/frontendlayer/tikz.sty (c:/texlive/2019/texmf-dist/tex/latex/pgf/basiclayer/pgf.sty (c:/texlive/2019/texmf-dist/tex/latex/pgf/utilities/pgfrcs.sty (c:/texlive/2019/texmf-dist/tex/generic/pgf/utilities/pgfutil-common.tex
\pgfutil@everybye=\toks19
\pgfutil@tempdima=\dimen138
\pgfutil@tempdimb=\dimen139
 (c:/texlive/2019/texmf-dist/tex/generic/pgf/utilities/pgfutil-common-lists.tex)) (c:/texlive/2019/texmf-dist/tex/generic/pgf/utilities/pgfutil-latex.def
\pgfutil@abb=\box47
 (c:/texlive/2019/texmf-dist/tex/latex/ms/everyshi.sty
Package: everyshi 2001/05/15 v3.00 EveryShipout Package (MS)
)) (c:/texlive/2019/texmf-dist/tex/generic/pgf/utilities/pgfrcs.code.tex (c:/texlive/2019/texmf-dist/tex/generic/pgf/pgf.revision.tex)
Package: pgfrcs 2020/01/08 v3.1.5b (3.1.5b)
))
Package: pgf 2020/01/08 v3.1.5b (3.1.5b)
 (c:/texlive/2019/texmf-dist/tex/latex/pgf/basiclayer/pgfcore.sty (c:/texlive/2019/texmf-dist/tex/latex/graphics/graphicx.sty
Package: graphicx 2019/11/30 v1.2a Enhanced LaTeX Graphics (DPC,SPQR)
 (c:/texlive/2019/texmf-dist/tex/latex/graphics/keyval.sty
Package: keyval 2014/10/28 v1.15 key=value parser (DPC)
\KV@toks@=\toks20
) (c:/texlive/2019/texmf-dist/tex/latex/graphics/graphics.sty
Package: graphics 2019/11/30 v1.4a Standard LaTeX Graphics (DPC,SPQR)
 (c:/texlive/2019/texmf-dist/tex/latex/graphics/trig.sty
Package: trig 2016/01/03 v1.10 sin cos tan (DPC)
) (c:/texlive/2019/texmf-dist/tex/latex/graphics-cfg/graphics.cfg
File: graphics.cfg 2016/06/04 v1.11 sample graphics configuration
)
Package graphics Info: Driver file: pdftex.def on input line 105.
)
\Gin@req@height=\dimen140
\Gin@req@width=\dimen141
) (c:/texlive/2019/texmf-dist/tex/latex/pgf/systemlayer/pgfsys.sty (c:/texlive/2019/texmf-dist/tex/generic/pgf/systemlayer/pgfsys.code.tex
Package: pgfsys 2020/01/08 v3.1.5b (3.1.5b)
 (c:/texlive/2019/texmf-dist/tex/generic/pgf/utilities/pgfkeys.code.tex
\pgfkeys@pathtoks=\toks21
\pgfkeys@temptoks=\toks22
 (c:/texlive/2019/texmf-dist/tex/generic/pgf/utilities/pgfkeysfiltered.code.tex
\pgfkeys@tmptoks=\toks23
))
\pgf@x=\dimen142
\pgf@y=\dimen143
\pgf@xa=\dimen144
\pgf@ya=\dimen145
\pgf@xb=\dimen146
\pgf@yb=\dimen147
\pgf@xc=\dimen148
\pgf@yc=\dimen149
\pgf@xd=\dimen150
\pgf@yd=\dimen151
\w@pgf@writea=\write3
\r@pgf@reada=\read3
\c@pgf@counta=\count178
\c@pgf@countb=\count179
\c@pgf@countc=\count180
\c@pgf@countd=\count181
\t@pgf@toka=\toks24
\t@pgf@tokb=\toks25
\t@pgf@tokc=\toks26
\pgf@sys@id@count=\count182
 (c:/texlive/2019/texmf-dist/tex/generic/pgf/systemlayer/pgf.cfg
File: pgf.cfg 2020/01/08 v3.1.5b (3.1.5b)
)
Driver file for pgf: pgfsys-pdftex.def
 (c:/texlive/2019/texmf-dist/tex/generic/pgf/systemlayer/pgfsys-pdftex.def
File: pgfsys-pdftex.def 2020/01/08 v3.1.5b (3.1.5b)
 (c:/texlive/2019/texmf-dist/tex/generic/pgf/systemlayer/pgfsys-common-pdf.def
File: pgfsys-common-pdf.def 2020/01/08 v3.1.5b (3.1.5b)
))) (c:/texlive/2019/texmf-dist/tex/generic/pgf/systemlayer/pgfsyssoftpath.code.tex
File: pgfsyssoftpath.code.tex 2020/01/08 v3.1.5b (3.1.5b)
\pgfsyssoftpath@smallbuffer@items=\count183
\pgfsyssoftpath@bigbuffer@items=\count184
) (c:/texlive/2019/texmf-dist/tex/generic/pgf/systemlayer/pgfsysprotocol.code.tex
File: pgfsysprotocol.code.tex 2020/01/08 v3.1.5b (3.1.5b)
)) (c:/texlive/2019/texmf-dist/tex/generic/pgf/basiclayer/pgfcore.code.tex
Package: pgfcore 2020/01/08 v3.1.5b (3.1.5b)
 (c:/texlive/2019/texmf-dist/tex/generic/pgf/math/pgfmath.code.tex (c:/texlive/2019/texmf-dist/tex/generic/pgf/math/pgfmathcalc.code.tex (c:/texlive/2019/texmf-dist/tex/generic/pgf/math/pgfmathutil.code.tex) (c:/texlive/2019/texmf-dist/tex/generic/pgf/math/pgfmathparser.code.tex
\pgfmath@dimen=\dimen152
\pgfmath@count=\count185
\pgfmath@box=\box48
\pgfmath@toks=\toks27
\pgfmath@stack@operand=\toks28
\pgfmath@stack@operation=\toks29
) (c:/texlive/2019/texmf-dist/tex/generic/pgf/math/pgfmathfunctions.code.tex (c:/texlive/2019/texmf-dist/tex/generic/pgf/math/pgfmathfunctions.basic.code.tex) (c:/texlive/2019/texmf-dist/tex/generic/pgf/math/pgfmathfunctions.trigonometric.code.tex) (c:/texlive/2019/texmf-dist/tex/generic/pgf/math/pgfmathfunctions.random.code.tex) (c:/texlive/2019/texmf-dist/tex/generic/pgf/math/pgfmathfunctions.comparison.code.tex) (c:/texlive/2019/texmf-dist/tex/generic/pgf/math/pgfmathfunctions.base.code.tex) (c:/texlive/2019/texmf-dist/tex/generic/pgf/math/pgfmathfunctions.round.code.tex) (c:/texlive/2019/texmf-dist/tex/generic/pgf/math/pgfmathfunctions.misc.code.tex) (c:/texlive/2019/texmf-dist/tex/generic/pgf/math/pgfmathfunctions.integerarithmetics.code.tex))) (c:/texlive/2019/texmf-dist/tex/generic/pgf/math/pgfmathfloat.code.tex
\c@pgfmathroundto@lastzeros=\count186
)) (c:/texlive/2019/texmf-dist/tex/generic/pgf/math/pgfint.code.tex) (c:/texlive/2019/texmf-dist/tex/generic/pgf/basiclayer/pgfcorepoints.code.tex
File: pgfcorepoints.code.tex 2020/01/08 v3.1.5b (3.1.5b)
\pgf@picminx=\dimen153
\pgf@picmaxx=\dimen154
\pgf@picminy=\dimen155
\pgf@picmaxy=\dimen156
\pgf@pathminx=\dimen157
\pgf@pathmaxx=\dimen158
\pgf@pathminy=\dimen159
\pgf@pathmaxy=\dimen160
\pgf@xx=\dimen161
\pgf@xy=\dimen162
\pgf@yx=\dimen163
\pgf@yy=\dimen164
\pgf@zx=\dimen165
\pgf@zy=\dimen166
) (c:/texlive/2019/texmf-dist/tex/generic/pgf/basiclayer/pgfcorepathconstruct.code.tex
File: pgfcorepathconstruct.code.tex 2020/01/08 v3.1.5b (3.1.5b)
\pgf@path@lastx=\dimen167
\pgf@path@lasty=\dimen168
) (c:/texlive/2019/texmf-dist/tex/generic/pgf/basiclayer/pgfcorepathusage.code.tex
File: pgfcorepathusage.code.tex 2020/01/08 v3.1.5b (3.1.5b)
\pgf@shorten@end@additional=\dimen169
\pgf@shorten@start@additional=\dimen170
) (c:/texlive/2019/texmf-dist/tex/generic/pgf/basiclayer/pgfcorescopes.code.tex
File: pgfcorescopes.code.tex 2020/01/08 v3.1.5b (3.1.5b)
\pgfpic=\box49
\pgf@hbox=\box50
\pgf@layerbox@main=\box51
\pgf@picture@serial@count=\count187
) (c:/texlive/2019/texmf-dist/tex/generic/pgf/basiclayer/pgfcoregraphicstate.code.tex
File: pgfcoregraphicstate.code.tex 2020/01/08 v3.1.5b (3.1.5b)
\pgflinewidth=\dimen171
) (c:/texlive/2019/texmf-dist/tex/generic/pgf/basiclayer/pgfcoretransformations.code.tex
File: pgfcoretransformations.code.tex 2020/01/08 v3.1.5b (3.1.5b)
\pgf@pt@x=\dimen172
\pgf@pt@y=\dimen173
\pgf@pt@temp=\dimen174
) (c:/texlive/2019/texmf-dist/tex/generic/pgf/basiclayer/pgfcorequick.code.tex
File: pgfcorequick.code.tex 2020/01/08 v3.1.5b (3.1.5b)
) (c:/texlive/2019/texmf-dist/tex/generic/pgf/basiclayer/pgfcoreobjects.code.tex
File: pgfcoreobjects.code.tex 2020/01/08 v3.1.5b (3.1.5b)
) (c:/texlive/2019/texmf-dist/tex/generic/pgf/basiclayer/pgfcorepathprocessing.code.tex
File: pgfcorepathprocessing.code.tex 2020/01/08 v3.1.5b (3.1.5b)
) (c:/texlive/2019/texmf-dist/tex/generic/pgf/basiclayer/pgfcorearrows.code.tex
File: pgfcorearrows.code.tex 2020/01/08 v3.1.5b (3.1.5b)
\pgfarrowsep=\dimen175
) (c:/texlive/2019/texmf-dist/tex/generic/pgf/basiclayer/pgfcoreshade.code.tex
File: pgfcoreshade.code.tex 2020/01/08 v3.1.5b (3.1.5b)
\pgf@max=\dimen176
\pgf@sys@shading@range@num=\count188
\pgf@shadingcount=\count189
) (c:/texlive/2019/texmf-dist/tex/generic/pgf/basiclayer/pgfcoreimage.code.tex
File: pgfcoreimage.code.tex 2020/01/08 v3.1.5b (3.1.5b)
 (c:/texlive/2019/texmf-dist/tex/generic/pgf/basiclayer/pgfcoreexternal.code.tex
File: pgfcoreexternal.code.tex 2020/01/08 v3.1.5b (3.1.5b)
\pgfexternal@startupbox=\box52
)) (c:/texlive/2019/texmf-dist/tex/generic/pgf/basiclayer/pgfcorelayers.code.tex
File: pgfcorelayers.code.tex 2020/01/08 v3.1.5b (3.1.5b)
) (c:/texlive/2019/texmf-dist/tex/generic/pgf/basiclayer/pgfcoretransparency.code.tex
File: pgfcoretransparency.code.tex 2020/01/08 v3.1.5b (3.1.5b)
) (c:/texlive/2019/texmf-dist/tex/generic/pgf/basiclayer/pgfcorepatterns.code.tex
File: pgfcorepatterns.code.tex 2020/01/08 v3.1.5b (3.1.5b)
) (c:/texlive/2019/texmf-dist/tex/generic/pgf/basiclayer/pgfcorerdf.code.tex
File: pgfcorerdf.code.tex 2020/01/08 v3.1.5b (3.1.5b)
))) (c:/texlive/2019/texmf-dist/tex/generic/pgf/modules/pgfmoduleshapes.code.tex
File: pgfmoduleshapes.code.tex 2020/01/08 v3.1.5b (3.1.5b)
\pgfnodeparttextbox=\box53
) (c:/texlive/2019/texmf-dist/tex/generic/pgf/modules/pgfmoduleplot.code.tex
File: pgfmoduleplot.code.tex 2020/01/08 v3.1.5b (3.1.5b)
) (c:/texlive/2019/texmf-dist/tex/latex/pgf/compatibility/pgfcomp-version-0-65.sty
Package: pgfcomp-version-0-65 2020/01/08 v3.1.5b (3.1.5b)
\pgf@nodesepstart=\dimen177
\pgf@nodesepend=\dimen178
) (c:/texlive/2019/texmf-dist/tex/latex/pgf/compatibility/pgfcomp-version-1-18.sty
Package: pgfcomp-version-1-18 2020/01/08 v3.1.5b (3.1.5b)
)) (c:/texlive/2019/texmf-dist/tex/latex/pgf/utilities/pgffor.sty (c:/texlive/2019/texmf-dist/tex/latex/pgf/utilities/pgfkeys.sty (c:/texlive/2019/texmf-dist/tex/generic/pgf/utilities/pgfkeys.code.tex)) (c:/texlive/2019/texmf-dist/tex/latex/pgf/math/pgfmath.sty (c:/texlive/2019/texmf-dist/tex/generic/pgf/math/pgfmath.code.tex)) (c:/texlive/2019/texmf-dist/tex/generic/pgf/utilities/pgffor.code.tex
Package: pgffor 2020/01/08 v3.1.5b (3.1.5b)
 (c:/texlive/2019/texmf-dist/tex/generic/pgf/math/pgfmath.code.tex)
\pgffor@iter=\dimen179
\pgffor@skip=\dimen180
\pgffor@stack=\toks30
\pgffor@toks=\toks31
)) (c:/texlive/2019/texmf-dist/tex/generic/pgf/frontendlayer/tikz/tikz.code.tex
Package: tikz 2020/01/08 v3.1.5b (3.1.5b)
 (c:/texlive/2019/texmf-dist/tex/generic/pgf/libraries/pgflibraryplothandlers.code.tex
File: pgflibraryplothandlers.code.tex 2020/01/08 v3.1.5b (3.1.5b)
\pgf@plot@mark@count=\count190
\pgfplotmarksize=\dimen181
)
\tikz@lastx=\dimen182
\tikz@lasty=\dimen183
\tikz@lastxsaved=\dimen184
\tikz@lastysaved=\dimen185
\tikz@lastmovetox=\dimen186
\tikz@lastmovetoy=\dimen187
\tikzleveldistance=\dimen188
\tikzsiblingdistance=\dimen189
\tikz@figbox=\box54
\tikz@figbox@bg=\box55
\tikz@tempbox=\box56
\tikz@tempbox@bg=\box57
\tikztreelevel=\count191
\tikznumberofchildren=\count192
\tikznumberofcurrentchild=\count193
\tikz@fig@count=\count194
 (c:/texlive/2019/texmf-dist/tex/generic/pgf/modules/pgfmodulematrix.code.tex
File: pgfmodulematrix.code.tex 2020/01/08 v3.1.5b (3.1.5b)
\pgfmatrixcurrentrow=\count195
\pgfmatrixcurrentcolumn=\count196
\pgf@matrix@numberofcolumns=\count197
)
\tikz@expandcount=\count198
 (c:/texlive/2019/texmf-dist/tex/generic/pgf/frontendlayer/tikz/libraries/tikzlibrarytopaths.code.tex
File: tikzlibrarytopaths.code.tex 2020/01/08 v3.1.5b (3.1.5b)
))) (c:/texlive/2019/texmf-dist/tex/generic/pgf/frontendlayer/tikz/libraries/tikzlibraryshapes.code.tex
File: tikzlibraryshapes.code.tex 2020/01/08 v3.1.5b (3.1.5b)
 (c:/texlive/2019/texmf-dist/tex/generic/pgf/frontendlayer/tikz/libraries/tikzlibraryshapes.geometric.code.tex
File: tikzlibraryshapes.geometric.code.tex 2020/01/08 v3.1.5b (3.1.5b)
 (c:/texlive/2019/texmf-dist/tex/generic/pgf/libraries/shapes/pgflibraryshapes.geometric.code.tex
File: pgflibraryshapes.geometric.code.tex 2020/01/08 v3.1.5b (3.1.5b)
)) (c:/texlive/2019/texmf-dist/tex/generic/pgf/frontendlayer/tikz/libraries/tikzlibraryshapes.misc.code.tex
File: tikzlibraryshapes.misc.code.tex 2020/01/08 v3.1.5b (3.1.5b)
 (c:/texlive/2019/texmf-dist/tex/generic/pgf/libraries/shapes/pgflibraryshapes.misc.code.tex
File: pgflibraryshapes.misc.code.tex 2020/01/08 v3.1.5b (3.1.5b)
)) (c:/texlive/2019/texmf-dist/tex/generic/pgf/frontendlayer/tikz/libraries/tikzlibraryshapes.symbols.code.tex
File: tikzlibraryshapes.symbols.code.tex 2020/01/08 v3.1.5b (3.1.5b)
 (c:/texlive/2019/texmf-dist/tex/generic/pgf/libraries/shapes/pgflibraryshapes.symbols.code.tex
File: pgflibraryshapes.symbols.code.tex 2020/01/08 v3.1.5b (3.1.5b)
)) (c:/texlive/2019/texmf-dist/tex/generic/pgf/frontendlayer/tikz/libraries/tikzlibraryshapes.arrows.code.tex
File: tikzlibraryshapes.arrows.code.tex 2020/01/08 v3.1.5b (3.1.5b)
 (c:/texlive/2019/texmf-dist/tex/generic/pgf/libraries/shapes/pgflibraryshapes.arrows.code.tex
File: pgflibraryshapes.arrows.code.tex 2020/01/08 v3.1.5b (3.1.5b)
)) (c:/texlive/2019/texmf-dist/tex/generic/pgf/frontendlayer/tikz/libraries/tikzlibraryshapes.callouts.code.tex (c:/texlive/2019/texmf-dist/tex/generic/pgf/libraries/shapes/pgflibraryshapes.callouts.code.tex)) (c:/texlive/2019/texmf-dist/tex/generic/pgf/frontendlayer/tikz/libraries/tikzlibraryshapes.multipart.code.tex
File: tikzlibraryshapes.multipart.code.tex 2020/01/08 v3.1.5b (3.1.5b)
 (c:/texlive/2019/texmf-dist/tex/generic/pgf/libraries/shapes/pgflibraryshapes.multipart.code.tex
File: pgflibraryshapes.multipart.code.tex 2020/01/08 v3.1.5b (3.1.5b)
\pgfnodepartlowerbox=\box58
\pgfnodeparttwobox=\box59
\pgfnodepartthreebox=\box60
\pgfnodepartfourbox=\box61
\pgfnodeparttwentybox=\box62
\pgfnodepartnineteenbox=\box63
\pgfnodeparteighteenbox=\box64
\pgfnodepartseventeenbox=\box65
\pgfnodepartsixteenbox=\box66
\pgfnodepartfifteenbox=\box67
\pgfnodepartfourteenbox=\box68
\pgfnodepartthirteenbox=\box69
\pgfnodeparttwelvebox=\box70
\pgfnodepartelevenbox=\box71
\pgfnodeparttenbox=\box72
\pgfnodepartninebox=\box73
\pgfnodeparteightbox=\box74
\pgfnodepartsevenbox=\box75
\pgfnodepartsixbox=\box76
\pgfnodepartfivebox=\box77
))) (c:/texlive/2019/texmf-dist/tex/generic/pgf/frontendlayer/tikz/libraries/tikzlibrarycalc.code.tex
File: tikzlibrarycalc.code.tex 2020/01/08 v3.1.5b (3.1.5b)
) (c:/texlive/2019/texmf-dist/tex/latex/anyfontsize/anyfontsize.sty
Package: anyfontsize 2007/11/22 anyfontsize.sty by pts
) (c:/texlive/2019/texmf-dist/tex/latex/listings/listings.sty
\lst@mode=\count199
\lst@gtempboxa=\box78
\lst@token=\toks32
\lst@length=\count266
\lst@currlwidth=\dimen190
\lst@column=\count267
\lst@pos=\count268
\lst@lostspace=\dimen191
\lst@width=\dimen192
\lst@newlines=\count269
\lst@lineno=\count270
\lst@maxwidth=\dimen193
 (c:/texlive/2019/texmf-dist/tex/latex/listings/lstmisc.sty
File: lstmisc.sty 2019/09/10 1.8c (Carsten Heinz)
\c@lstnumber=\count271
\lst@skipnumbers=\count272
\lst@framebox=\box79
) (c:/texlive/2019/texmf-dist/tex/latex/listings/listings.cfg
File: listings.cfg 2019/09/10 1.8c listings configuration
))
Package: listings 2019/09/10 1.8c (Carsten Heinz)
 (c:/texlive/2019/texmf-dist/tex/latex/float/float.sty
Package: float 2001/11/08 v1.3d Float enhancements (AL)
\c@float@type=\count273
\float@exts=\toks33
\float@box=\box80
\@float@everytoks=\toks34
\@floatcapt=\box81
) (c:/texlive/2019/texmf-dist/tex/latex/url/url.sty
\Urlmuskip=\muskip16
Package: url 2013/09/16  ver 3.4  Verb mode for urls, etc.
) (c:/texlive/2019/texmf-dist/tex/latex/changepage/changepage.sty
Package: changepage 2009/10/20 v1.0c check page and change page layout
\c@cp@cntr=\count274
\cp@tempcnt=\count275
) (c:/texlive/2019/texmf-dist/tex/latex/caption/subcaption.sty
Package: subcaption 2020/01/22 v1.3d Sub-captions (AR)
 (c:/texlive/2019/texmf-dist/tex/latex/caption/caption.sty
Package: caption 2020/01/03 v3.4h Customizing captions (AR)
 (c:/texlive/2019/texmf-dist/tex/latex/caption/caption3.sty
Package: caption3 2020/01/03 v1.8h caption3 kernel (AR)
Package caption3 Info: TeX engine: e-TeX on input line 61.
\captionmargin=\dimen194
\captionmargin@=\dimen195
\captionwidth=\dimen196
\caption@tempdima=\dimen197
\caption@indent=\dimen198
\caption@parindent=\dimen199
\caption@hangindent=\dimen256
Package caption Info: Standard document class detected.
)
\c@caption@flags=\count276
\c@continuedfloat=\count277
Package caption Info: float package is loaded.
Package caption Info: listings package is loaded.
)
\c@subfigure=\count278
\c@subtable=\count279
) (c:/texlive/2019/texmf-dist/tex/latex/tools/longtable.sty
Package: longtable 2020/01/07 v4.13 Multi-page Table package (DPC)
\LTleft=\skip52
\LTright=\skip53
\LTpre=\skip54
\LTpost=\skip55
\LTchunksize=\count280
\LTcapwidth=\dimen257
\LT@head=\box82
\LT@firsthead=\box83
\LT@foot=\box84
\LT@lastfoot=\box85
\LT@cols=\count281
\LT@rows=\count282
\c@LT@tables=\count283
\c@LT@chunks=\count284
\LT@p@ftn=\toks35
) (c:/texlive/2019/texmf-dist/tex/latex/tools/tabularx.sty
Package: tabularx 2020/01/15 v2.11c `tabularx' package (DPC)
\TX@col@width=\dimen258
\TX@old@table=\dimen259
\TX@old@col=\dimen260
\TX@target=\dimen261
\TX@delta=\dimen262
\TX@cols=\count285
\TX@ftn=\toks36
)

Package array Warning: Redefining primitive column b on input line 20.

(c:/texlive/2019/texmf-dist/tex/latex/booktabs/booktabs.sty
Package: booktabs 2020/01/12 v1.61803398 Publication quality tables
\heavyrulewidth=\dimen263
\lightrulewidth=\dimen264
\cmidrulewidth=\dimen265
\belowrulesep=\dimen266
\belowbottomsep=\dimen267
\aboverulesep=\dimen268
\abovetopsep=\dimen269
\cmidrulesep=\dimen270
\cmidrulekern=\dimen271
\defaultaddspace=\dimen272
\@cmidla=\count286
\@cmidlb=\count287
\@aboverulesep=\dimen273
\@belowrulesep=\dimen274
\@thisruleclass=\count288
\@lastruleclass=\count289
\@thisrulewidth=\dimen275
) (c:/texlive/2019/texmf-dist/tex/latex/import/import.sty
Package: import 2020/01/22  v 6.0
) (c:/texlive/2019/texmf-dist/tex/latex/xifthen/xifthen.sty
Package: xifthen 2015/11/05 v1.4.0 Extended ifthen features
 (c:/texlive/2019/texmf-dist/tex/latex/tools/calc.sty
Package: calc 2017/05/25 v4.3 Infix arithmetic (KKT,FJ)
\calc@Acount=\count290
\calc@Bcount=\count291
\calc@Adimen=\dimen276
\calc@Bdimen=\dimen277
\calc@Askip=\skip56
\calc@Bskip=\skip57
LaTeX Info: Redefining \setlength on input line 80.
LaTeX Info: Redefining \addtolength on input line 81.
\calc@Ccount=\count292
\calc@Cskip=\skip58
) (c:/texlive/2019/texmf-dist/tex/latex/base/ifthen.sty
Package: ifthen 2014/09/29 v1.1c Standard LaTeX ifthen package (DPC)
) (c:/texlive/2019/texmf-dist/tex/latex/ifmtarg/ifmtarg.sty
Package: ifmtarg 2018/04/16 v1.2b check for an empty argument
)) (c:/texlive/2019/texmf-dist/tex/latex/pdfpages/pdfpages.sty
Package: pdfpages 2020/01/28 v0.5q Insert pages of external PDF documents (AM)
 (c:/texlive/2019/texmf-dist/tex/latex/eso-pic/eso-pic.sty
Package: eso-pic 2018/04/12 v2.0h eso-pic (RN)
 (c:/texlive/2019/texmf-dist/tex/generic/atbegshi/atbegshi.sty
Package: atbegshi 2019/12/05 v1.19 At begin shipout hook (HO)
 (c:/texlive/2019/texmf-dist/tex/generic/infwarerr/infwarerr.sty
Package: infwarerr 2019/12/03 v1.5 Providing info/warning/error messages (HO)
) (c:/texlive/2019/texmf-dist/tex/generic/ltxcmds/ltxcmds.sty
Package: ltxcmds 2019/12/15 v1.24 LaTeX kernel commands for general use (HO)
) (c:/texlive/2019/texmf-dist/tex/generic/iftex/iftex.sty
Package: iftex 2019/11/07 v1.0c TeX engine tests
)))
\AM@pagewidth=\dimen278
\AM@pageheight=\dimen279
 (c:/texlive/2019/texmf-dist/tex/latex/pdfpages/pppdftex.def
File: pppdftex.def 2020/01/28 v0.5q Pdfpages driver for pdfTeX (AM)
)
\AM@pagebox=\box86
\AM@global@opts=\toks37
\AM@pagecnt=\count293
\AM@toc@title=\toks38
\c@AM@survey=\count294
\AM@templatesizebox=\box87
) (c:/texlive/2019/texmf-dist/tex/latex/transparent/transparent.sty
Package: transparent 2019/11/29 v1.4 Transparency via pdfTeX's color stack (HO)
 (c:/texlive/2019/texmf-dist/tex/latex/auxhook/auxhook.sty
Package: auxhook 2019-12-17 v1.6 Hooks for auxiliary files (HO)
)) (c:/texlive/2019/texmf-dist/tex/latex/l3backend/l3backend-pdfmode.def
File: l3backend-pdfmode.def 2020-02-23 L3 backend support: PDF mode
\l__kernel_color_stack_int=\count295
\l__pdf_internal_box=\box88
) (./Eksamensprojekt_ProC.aux)
\openout1 = `Eksamensprojekt_ProC.aux'.

LaTeX Font Info:    Checking defaults for OML/cmm/m/it on input line 69.
LaTeX Font Info:    ... okay on input line 69.
LaTeX Font Info:    Checking defaults for OMS/cmsy/m/n on input line 69.
LaTeX Font Info:    ... okay on input line 69.
LaTeX Font Info:    Checking defaults for OT1/cmr/m/n on input line 69.
LaTeX Font Info:    ... okay on input line 69.
LaTeX Font Info:    Checking defaults for T1/cmr/m/n on input line 69.
LaTeX Font Info:    ... okay on input line 69.
LaTeX Font Info:    Checking defaults for TS1/cmr/m/n on input line 69.
LaTeX Font Info:    ... okay on input line 69.
LaTeX Font Info:    Checking defaults for OMX/cmex/m/n on input line 69.
LaTeX Font Info:    ... okay on input line 69.
LaTeX Font Info:    Checking defaults for U/cmr/m/n on input line 69.
LaTeX Font Info:    ... okay on input line 69.
 (c:/texlive/2019/texmf-dist/tex/context/base/mkii/supp-pdf.mkii
[Loading MPS to PDF converter (version 2006.09.02).]
\scratchcounter=\count296
\scratchdimen=\dimen280
\scratchbox=\box89
\nofMPsegments=\count297
\nofMParguments=\count298
\everyMPshowfont=\toks39
\MPscratchCnt=\count299
\MPscratchDim=\dimen281
\MPnumerator=\count300
\makeMPintoPDFobject=\count301
\everyMPtoPDFconversion=\toks40
) (c:/texlive/2019/texmf-dist/tex/latex/epstopdf-pkg/epstopdf-base.sty
Package: epstopdf-base 2020-01-24 v2.11 Base part for package epstopdf
Package epstopdf-base Info: Redefining graphics rule for `.eps' on input line 485.
 (c:/texlive/2019/texmf-dist/tex/latex/latexconfig/epstopdf-sys.cfg
File: epstopdf-sys.cfg 2010/07/13 v1.3 Configuration of (r)epstopdf for TeX Live
)) ABD: EveryShipout initializing macros
\c@lstlisting=\count302
Package caption Info: Begin \AtBeginDocument code.
Package caption Info: longtable package is loaded.
 (c:/texlive/2019/texmf-dist/tex/latex/caption/ltcaption.sty
Package: ltcaption 2018/08/26 v1.4a longtable captions (AR)
)
Package caption Info: End \AtBeginDocument code.
\AtBeginShipoutBox=\box90
 (c:/texlive/2019/texmf-dist/tex/latex/pdflscape/pdflscape.sty
Package: pdflscape 2019/12/05 v0.12 Display of landscape pages in PDF (HO)
 (c:/texlive/2019/texmf-dist/tex/latex/graphics/lscape.sty
Package: lscape 2000/10/22 v3.01 Landscape Pages (DPC)
)
Package pdflscape Info: Auto-detected driver: pdftex on input line 81.
) [1

{c:/texlive/2019/texmf-var/fonts/map/pdftex/updmap/pdftex.map}] [1] (./Eksamensprojekt_ProC.toc
LaTeX Font Info:    External font `cmex10' loaded for size
(Font)              <12> on input line 5.
LaTeX Font Info:    External font `cmex10' loaded for size
(Font)              <8> on input line 5.
LaTeX Font Info:    External font `cmex10' loaded for size
(Font)              <6> on input line 5.
)
\tf@toc=\write4
\openout4 = `Eksamensprojekt_ProC.toc'.

 [2] [3]
<./img/flowchart/Flowchart - Mineral.pdf, id=27, 972.63374pt x 1370.87157pt>
File: ./img/flowchart/Flowchart - Mineral.pdf Graphic file (type pdf)
<use ./img/flowchart/Flowchart - Mineral.pdf>
Package pdftex.def Info: ./img/flowchart/Flowchart - Mineral.pdf  used on input line 160.
(pdftex.def)             Requested size: 390.0pt x 549.67766pt.
 [4] [5 <./img/flowchart/Flowchart - Mineral.pdf>] (c:/texlive/2019/texmf-dist/tex/latex/listings/lstlang1.sty
File: lstlang1.sty 2019/09/10 1.8c listings language file
) [6]
Underfull \hbox (badness 10000) in alignment at lines 261--261
[][][][][] 
 []


Underfull \hbox (badness 10000) in alignment at lines 278--278
[][][][][] 
 []


Underfull \hbox (badness 10000) in alignment at lines 293--293
[][][][][] 
 []


Underfull \hbox (badness 10000) in alignment at lines 309--309
[][][][][] 
 []

[7] [8] [9] [10] [11]
<./img/test/1.png, id=59, 604.2575pt x 629.35126pt>
File: ./img/test/1.png Graphic file (type png)
<use ./img/test/1.png>
Package pdftex.def Info: ./img/test/1.png  used on input line 319.
(pdftex.def)             Requested size: 191.09917pt x 199.03415pt.
<./img/test/2.png, id=61, 604.2575pt x 629.35126pt>
File: ./img/test/2.png Graphic file (type png)
<use ./img/test/2.png>
Package pdftex.def Info: ./img/test/2.png  used on input line 324.
(pdftex.def)             Requested size: 191.09917pt x 199.03415pt.
<./img/test/3.png, id=62, 604.2575pt x 629.35126pt>
File: ./img/test/3.png Graphic file (type png)
<use ./img/test/3.png>
Package pdftex.def Info: ./img/test/3.png  used on input line 329.
(pdftex.def)             Requested size: 191.09917pt x 199.03415pt.
<./img/test/4.png, id=63, 604.2575pt x 629.35126pt>
File: ./img/test/4.png Graphic file (type png)
<use ./img/test/4.png>
Package pdftex.def Info: ./img/test/4.png  used on input line 334.
(pdftex.def)             Requested size: 191.09917pt x 199.03415pt.

Overfull \hbox (2.61108pt too wide) in paragraph at lines 317--337
[]$[]$ $[]$
 []


Overfull \hbox (2.61108pt too wide) in paragraph at lines 317--337
[]$ $[]$ 
 []

<./img/test/5.png, id=64, 604.2575pt x 629.35126pt>
File: ./img/test/5.png Graphic file (type png)
<use ./img/test/5.png>
Package pdftex.def Info: ./img/test/5.png  used on input line 342.
(pdftex.def)             Requested size: 191.09917pt x 199.03415pt.
<./img/test/6.png, id=65, 604.2575pt x 629.35126pt>
File: ./img/test/6.png Graphic file (type png)
<use ./img/test/6.png>
Package pdftex.def Info: ./img/test/6.png  used on input line 347.
(pdftex.def)             Requested size: 191.09917pt x 199.03415pt.

Overfull \hbox (2.61108pt too wide) in paragraph at lines 340--350
[]$[]$ $[]$ 
 []

[12 <./img/test/1.png> <./img/test/2.png> <./img/test/3.png> <./img/test/4.png>] [13 <./img/test/5.png> <./img/test/6.png>] [14]

pdfTeX warning: pdflatex.exe (file ../Flowcharts/Flowchart - Forklaring.pdf): PDF inclusion: found PDF version <1.7>, but at most version <1.5> allowed
<../Flowcharts/Flowchart - Forklaring.pdf, id=82, 487.8225pt x 136.51pt>
File: ../Flowcharts/Flowchart - Forklaring.pdf Graphic file (type pdf)
<use ../Flowcharts/Flowchart - Forklaring.pdf>
Package pdftex.def Info: ../Flowcharts/Flowchart - Forklaring.pdf  used on input line 374.
(pdftex.def)             Requested size: 390.0pt x 109.13731pt.


pdfTeX warning: pdflatex.exe (file ../Flowcharts/Flowchart - funktionel beskrivelse af bruger scenarie.pdf): PDF inclusion: found PDF version <1.7>, but at most version <1.5> allowed
<../Flowcharts/Flowchart - funktionel beskrivelse af bruger scenarie.pdf, id=83, 561.09625pt x 517.935pt>
File: ../Flowcharts/Flowchart - funktionel beskrivelse af bruger scenarie.pdf Graphic file (type pdf)
<use ../Flowcharts/Flowchart - funktionel beskrivelse af bruger scenarie.pdf>
Package pdftex.def Info: ../Flowcharts/Flowchart - funktionel beskrivelse af bruger scenarie.pdf  used on input line 377.
(pdftex.def)             Requested size: 561.09488pt x 517.93372pt.


pdfTeX warning: pdflatex.exe (file ../Flowcharts/Flowchart - funktionel beskrivelse af bruger scenarie.pdf): PDF inclusion: found PDF version <1.7>, but at most version <1.5> allowed
File: ../Flowcharts/Flowchart - funktionel beskrivelse af bruger scenarie.pdf Graphic file (type pdf)
<use ../Flowcharts/Flowchart - funktionel beskrivelse af bruger scenarie.pdf>
Package pdftex.def Info: ../Flowcharts/Flowchart - funktionel beskrivelse af bruger scenarie.pdf  used on input line 377.
(pdftex.def)             Requested size: 561.09488pt x 517.93372pt.


pdfTeX warning: pdflatex.exe (file ../Flowcharts/Flowchart - funktionel beskrivelse af bruger scenarie.pdf): PDF inclusion: found PDF version <1.7>, but at most version <1.5> allowed


pdfTeX warning: pdflatex.exe (file ../Flowcharts/Flowchart - funktionel beskrivelse af bruger scenarie.pdf): PDF inclusion: found PDF version <1.7>, but at most version <1.5> allowed
<../Flowcharts/Flowchart - funktionel beskrivelse af bruger scenarie.pdf, id=86, page=1, 561.09625pt x 517.935pt>
File: ../Flowcharts/Flowchart - funktionel beskrivelse af bruger scenarie.pdf Graphic file (type pdf)
<use ../Flowcharts/Flowchart - funktionel beskrivelse af bruger scenarie.pdf, page 1>
Package pdftex.def Info: ../Flowcharts/Flowchart - funktionel beskrivelse af bruger scenarie.pdf , page1 used on input line 377.
(pdftex.def)             Requested size: 561.09488pt x 517.93372pt.
File: ../Flowcharts/Flowchart - funktionel beskrivelse af bruger scenarie.pdf Graphic file (type pdf)
<use ../Flowcharts/Flowchart - funktionel beskrivelse af bruger scenarie.pdf, page 1>
Package pdftex.def Info: ../Flowcharts/Flowchart - funktionel beskrivelse af bruger scenarie.pdf , page1 used on input line 377.
(pdftex.def)             Requested size: 597.60165pt x 551.63228pt.
[15 <../Flowcharts/Flowchart - Forklaring.pdf>]
File: ../Flowcharts/Flowchart - funktionel beskrivelse af bruger scenarie.pdf Graphic file (type pdf)
<use ../Flowcharts/Flowchart - funktionel beskrivelse af bruger scenarie.pdf, page 1>
Package pdftex.def Info: ../Flowcharts/Flowchart - funktionel beskrivelse af bruger scenarie.pdf , page1 used on input line 377.
(pdftex.def)             Requested size: 597.60165pt x 551.63228pt.
File: ../Flowcharts/Flowchart - funktionel beskrivelse af bruger scenarie.pdf Graphic file (type pdf)
<use ../Flowcharts/Flowchart - funktionel beskrivelse af bruger scenarie.pdf, page 1>
Package pdftex.def Info: ../Flowcharts/Flowchart - funktionel beskrivelse af bruger scenarie.pdf , page1 used on input line 377.
(pdftex.def)             Requested size: 597.60165pt x 551.63228pt.
File: ../Flowcharts/Flowchart - funktionel beskrivelse af bruger scenarie.pdf Graphic file (type pdf)
<use ../Flowcharts/Flowchart - funktionel beskrivelse af bruger scenarie.pdf, page 1>
Package pdftex.def Info: ../Flowcharts/Flowchart - funktionel beskrivelse af bruger scenarie.pdf , page1 used on input line 377.
(pdftex.def)             Requested size: 597.60165pt x 551.63228pt.
 [16 <../Flowcharts/Flowchart - funktionel beskrivelse af bruger scenarie.pdf>]
<../Flowcharts/Flowchart - Main.pdf, id=104, 967.32645pt x 1817.92921pt>
File: ../Flowcharts/Flowchart - Main.pdf Graphic file (type pdf)
<use ../Flowcharts/Flowchart - Main.pdf>
Package pdftex.def Info: ../Flowcharts/Flowchart - Main.pdf  used on input line 378.
(pdftex.def)             Requested size: 967.3241pt x 1817.9248pt.
File: ../Flowcharts/Flowchart - Main.pdf Graphic file (type pdf)
<use ../Flowcharts/Flowchart - Main.pdf>
Package pdftex.def Info: ../Flowcharts/Flowchart - Main.pdf  used on input line 378.
(pdftex.def)             Requested size: 967.3241pt x 1817.9248pt.
<../Flowcharts/Flowchart - Main.pdf, id=107, page=1, 967.32645pt x 1817.92921pt>
File: ../Flowcharts/Flowchart - Main.pdf Graphic file (type pdf)
<use ../Flowcharts/Flowchart - Main.pdf, page 1>
Package pdftex.def Info: ../Flowcharts/Flowchart - Main.pdf , page1 used on input line 378.
(pdftex.def)             Requested size: 967.3241pt x 1817.9248pt.
File: ../Flowcharts/Flowchart - Main.pdf Graphic file (type pdf)
<use ../Flowcharts/Flowchart - Main.pdf, page 1>
Package pdftex.def Info: ../Flowcharts/Flowchart - Main.pdf , page1 used on input line 378.
(pdftex.def)             Requested size: 449.87596pt x 845.46707pt.
File: ../Flowcharts/Flowchart - Main.pdf Graphic file (type pdf)
<use ../Flowcharts/Flowchart - Main.pdf, page 1>
Package pdftex.def Info: ../Flowcharts/Flowchart - Main.pdf , page1 used on input line 378.
(pdftex.def)             Requested size: 449.87596pt x 845.46707pt.
File: ../Flowcharts/Flowchart - Main.pdf Graphic file (type pdf)
<use ../Flowcharts/Flowchart - Main.pdf, page 1>
Package pdftex.def Info: ../Flowcharts/Flowchart - Main.pdf , page1 used on input line 378.
(pdftex.def)             Requested size: 449.87596pt x 845.46707pt.
File: ../Flowcharts/Flowchart - Main.pdf Graphic file (type pdf)
<use ../Flowcharts/Flowchart - Main.pdf, page 1>
Package pdftex.def Info: ../Flowcharts/Flowchart - Main.pdf , page1 used on input line 378.
(pdftex.def)             Requested size: 449.87596pt x 845.46707pt.
 [17 <../Flowcharts/Flowchart - Main.pdf>]
File: ./img/flowchart/Flowchart - Mineral.pdf Graphic file (type pdf)
<use ./img/flowchart/Flowchart - Mineral.pdf>
Package pdftex.def Info: ./img/flowchart/Flowchart - Mineral.pdf  used on input line 379.
(pdftex.def)             Requested size: 972.63136pt x 1370.86823pt.
File: ./img/flowchart/Flowchart - Mineral.pdf Graphic file (type pdf)
<use ./img/flowchart/Flowchart - Mineral.pdf>
Package pdftex.def Info: ./img/flowchart/Flowchart - Mineral.pdf  used on input line 379.
(pdftex.def)             Requested size: 972.63136pt x 1370.86823pt.
<./img/flowchart/Flowchart - Mineral.pdf, id=115, page=1, 972.63374pt x 1370.87157pt>
File: ./img/flowchart/Flowchart - Mineral.pdf Graphic file (type pdf)
<use ./img/flowchart/Flowchart - Mineral.pdf, page 1>
Package pdftex.def Info: ./img/flowchart/Flowchart - Mineral.pdf , page1 used on input line 379.
(pdftex.def)             Requested size: 972.63136pt x 1370.86823pt.
File: ./img/flowchart/Flowchart - Mineral.pdf Graphic file (type pdf)
<use ./img/flowchart/Flowchart - Mineral.pdf, page 1>
Package pdftex.def Info: ./img/flowchart/Flowchart - Mineral.pdf , page1 used on input line 379.
(pdftex.def)             Requested size: 597.89165pt x 842.69405pt.
File: ./img/flowchart/Flowchart - Mineral.pdf Graphic file (type pdf)
<use ./img/flowchart/Flowchart - Mineral.pdf, page 1>
Package pdftex.def Info: ./img/flowchart/Flowchart - Mineral.pdf , page1 used on input line 379.
(pdftex.def)             Requested size: 597.89165pt x 842.69405pt.
File: ./img/flowchart/Flowchart - Mineral.pdf Graphic file (type pdf)
<use ./img/flowchart/Flowchart - Mineral.pdf, page 1>
Package pdftex.def Info: ./img/flowchart/Flowchart - Mineral.pdf , page1 used on input line 379.
(pdftex.def)             Requested size: 597.89165pt x 842.69405pt.
File: ./img/flowchart/Flowchart - Mineral.pdf Graphic file (type pdf)
<use ./img/flowchart/Flowchart - Mineral.pdf, page 1>
Package pdftex.def Info: ./img/flowchart/Flowchart - Mineral.pdf , page1 used on input line 379.
(pdftex.def)             Requested size: 597.89165pt x 842.69405pt.
 [18 <./img/flowchart/Flowchart - Mineral.pdf>]
<../Flowcharts/Flowchart - Player.pdf, id=122, 919.18407pt x 1091.72871pt>
File: ../Flowcharts/Flowchart - Player.pdf Graphic file (type pdf)
<use ../Flowcharts/Flowchart - Player.pdf>
Package pdftex.def Info: ../Flowcharts/Flowchart - Player.pdf  used on input line 380.
(pdftex.def)             Requested size: 919.18182pt x 1091.72606pt.
File: ../Flowcharts/Flowchart - Player.pdf Graphic file (type pdf)
<use ../Flowcharts/Flowchart - Player.pdf>
Package pdftex.def Info: ../Flowcharts/Flowchart - Player.pdf  used on input line 380.
(pdftex.def)             Requested size: 919.18182pt x 1091.72606pt.
<../Flowcharts/Flowchart - Player.pdf, id=125, page=1, 919.18407pt x 1091.72871pt>
File: ../Flowcharts/Flowchart - Player.pdf Graphic file (type pdf)
<use ../Flowcharts/Flowchart - Player.pdf, page 1>
Package pdftex.def Info: ../Flowcharts/Flowchart - Player.pdf , page1 used on input line 380.
(pdftex.def)             Requested size: 919.18182pt x 1091.72606pt.
File: ../Flowcharts/Flowchart - Player.pdf Graphic file (type pdf)
<use ../Flowcharts/Flowchart - Player.pdf, page 1>
Package pdftex.def Info: ../Flowcharts/Flowchart - Player.pdf , page1 used on input line 380.
(pdftex.def)             Requested size: 597.61685pt x 709.79851pt.
File: ../Flowcharts/Flowchart - Player.pdf Graphic file (type pdf)
<use ../Flowcharts/Flowchart - Player.pdf, page 1>
Package pdftex.def Info: ../Flowcharts/Flowchart - Player.pdf , page1 used on input line 380.
(pdftex.def)             Requested size: 597.61685pt x 709.79851pt.
File: ../Flowcharts/Flowchart - Player.pdf Graphic file (type pdf)
<use ../Flowcharts/Flowchart - Player.pdf, page 1>
Package pdftex.def Info: ../Flowcharts/Flowchart - Player.pdf , page1 used on input line 380.
(pdftex.def)             Requested size: 597.61685pt x 709.79851pt.
File: ../Flowcharts/Flowchart - Player.pdf Graphic file (type pdf)
<use ../Flowcharts/Flowchart - Player.pdf, page 1>
Package pdftex.def Info: ../Flowcharts/Flowchart - Player.pdf , page1 used on input line 380.
(pdftex.def)             Requested size: 597.61685pt x 709.79851pt.
 [19 <../Flowcharts/Flowchart - Player.pdf>]
<../Flowcharts/Flowchart - Score.pdf, id=131, 467.94826pt x 543.53062pt>
File: ../Flowcharts/Flowchart - Score.pdf Graphic file (type pdf)
<use ../Flowcharts/Flowchart - Score.pdf>
Package pdftex.def Info: ../Flowcharts/Flowchart - Score.pdf  used on input line 381.
(pdftex.def)             Requested size: 467.94711pt x 543.52928pt.
File: ../Flowcharts/Flowchart - Score.pdf Graphic file (type pdf)
<use ../Flowcharts/Flowchart - Score.pdf>
Package pdftex.def Info: ../Flowcharts/Flowchart - Score.pdf  used on input line 381.
(pdftex.def)             Requested size: 467.94711pt x 543.52928pt.
<../Flowcharts/Flowchart - Score.pdf, id=134, page=1, 467.94826pt x 543.53062pt>
File: ../Flowcharts/Flowchart - Score.pdf Graphic file (type pdf)
<use ../Flowcharts/Flowchart - Score.pdf, page 1>
Package pdftex.def Info: ../Flowcharts/Flowchart - Score.pdf , page1 used on input line 381.
(pdftex.def)             Requested size: 467.94711pt x 543.52928pt.
File: ../Flowcharts/Flowchart - Score.pdf Graphic file (type pdf)
<use ../Flowcharts/Flowchart - Score.pdf, page 1>
Package pdftex.def Info: ../Flowcharts/Flowchart - Score.pdf , page1 used on input line 381.
(pdftex.def)             Requested size: 598.71468pt x 695.41824pt.
File: ../Flowcharts/Flowchart - Score.pdf Graphic file (type pdf)
<use ../Flowcharts/Flowchart - Score.pdf, page 1>
Package pdftex.def Info: ../Flowcharts/Flowchart - Score.pdf , page1 used on input line 381.
(pdftex.def)             Requested size: 598.71468pt x 695.41824pt.
File: ../Flowcharts/Flowchart - Score.pdf Graphic file (type pdf)
<use ../Flowcharts/Flowchart - Score.pdf, page 1>
Package pdftex.def Info: ../Flowcharts/Flowchart - Score.pdf , page1 used on input line 381.
(pdftex.def)             Requested size: 598.71468pt x 695.41824pt.
File: ../Flowcharts/Flowchart - Score.pdf Graphic file (type pdf)
<use ../Flowcharts/Flowchart - Score.pdf, page 1>
Package pdftex.def Info: ../Flowcharts/Flowchart - Score.pdf , page1 used on input line 381.
(pdftex.def)             Requested size: 598.71468pt x 695.41824pt.
 [20 <../Flowcharts/Flowchart - Score.pdf>]

pdfTeX warning: pdflatex.exe (file ../Source/src_code.pdf): PDF inclusion: found PDF version <1.7>, but at most version <1.5> allowed
<../Source/src_code.pdf, id=140, 597.55246pt x 845.07724pt>
File: ../Source/src_code.pdf Graphic file (type pdf)
<use ../Source/src_code.pdf>
Package pdftex.def Info: ../Source/src_code.pdf  used on input line 383.
(pdftex.def)             Requested size: 597.551pt x 845.07518pt.


pdfTeX warning: pdflatex.exe (file ../Source/src_code.pdf): PDF inclusion: found PDF version <1.7>, but at most version <1.5> allowed
File: ../Source/src_code.pdf Graphic file (type pdf)
<use ../Source/src_code.pdf>
Package pdftex.def Info: ../Source/src_code.pdf  used on input line 383.
(pdftex.def)             Requested size: 597.551pt x 845.07518pt.


pdfTeX warning: pdflatex.exe (file ../Source/src_code.pdf): PDF inclusion: found PDF version <1.7>, but at most version <1.5> allowed


pdfTeX warning: pdflatex.exe (file ../Source/src_code.pdf): PDF inclusion: found PDF version <1.7>, but at most version <1.5> allowed
<../Source/src_code.pdf, id=143, page=1, 597.55246pt x 845.07724pt>
File: ../Source/src_code.pdf Graphic file (type pdf)
<use ../Source/src_code.pdf, page 1>
Package pdftex.def Info: ../Source/src_code.pdf , page1 used on input line 383.
(pdftex.def)             Requested size: 597.551pt x 845.07518pt.
File: ../Source/src_code.pdf Graphic file (type pdf)
<use ../Source/src_code.pdf, page 1>
Package pdftex.def Info: ../Source/src_code.pdf , page1 used on input line 383.
(pdftex.def)             Requested size: 597.57834pt x 845.11386pt.
File: ../Source/src_code.pdf Graphic file (type pdf)
<use ../Source/src_code.pdf, page 1>
Package pdftex.def Info: ../Source/src_code.pdf , page1 used on input line 383.
(pdftex.def)             Requested size: 597.57834pt x 845.11386pt.
File: ../Source/src_code.pdf Graphic file (type pdf)
<use ../Source/src_code.pdf, page 1>
Package pdftex.def Info: ../Source/src_code.pdf , page1 used on input line 383.
(pdftex.def)             Requested size: 597.57834pt x 845.11386pt.
File: ../Source/src_code.pdf Graphic file (type pdf)
<use ../Source/src_code.pdf, page 1>
Package pdftex.def Info: ../Source/src_code.pdf , page1 used on input line 383.
(pdftex.def)             Requested size: 597.57834pt x 845.11386pt.
[21 <../Source/src_code.pdf>]

pdfTeX warning: pdflatex.exe (file ../Source/src_code.pdf): PDF inclusion: found PDF version <1.7>, but at most version <1.5> allowed
<../Source/src_code.pdf, id=164, page=2, 597.55246pt x 845.07724pt>
File: ../Source/src_code.pdf Graphic file (type pdf)
<use ../Source/src_code.pdf, page 2>
Package pdftex.def Info: ../Source/src_code.pdf , page2 used on input line 383.
(pdftex.def)             Requested size: 597.57834pt x 845.11386pt.
File: ../Source/src_code.pdf Graphic file (type pdf)
<use ../Source/src_code.pdf, page 2>
Package pdftex.def Info: ../Source/src_code.pdf , page2 used on input line 383.
(pdftex.def)             Requested size: 597.57834pt x 845.11386pt.
File: ../Source/src_code.pdf Graphic file (type pdf)
<use ../Source/src_code.pdf, page 2>
Package pdftex.def Info: ../Source/src_code.pdf , page2 used on input line 383.
(pdftex.def)             Requested size: 597.57834pt x 845.11386pt.
[22 <../Source/src_code.pdf>]

pdfTeX warning: pdflatex.exe (file ../Source/src_code.pdf): PDF inclusion: found PDF version <1.7>, but at most version <1.5> allowed
<../Source/src_code.pdf, id=168, page=3, 597.55246pt x 845.07724pt>
File: ../Source/src_code.pdf Graphic file (type pdf)
<use ../Source/src_code.pdf, page 3>
Package pdftex.def Info: ../Source/src_code.pdf , page3 used on input line 383.
(pdftex.def)             Requested size: 597.57834pt x 845.11386pt.
File: ../Source/src_code.pdf Graphic file (type pdf)
<use ../Source/src_code.pdf, page 3>
Package pdftex.def Info: ../Source/src_code.pdf , page3 used on input line 383.
(pdftex.def)             Requested size: 597.57834pt x 845.11386pt.
File: ../Source/src_code.pdf Graphic file (type pdf)
<use ../Source/src_code.pdf, page 3>
Package pdftex.def Info: ../Source/src_code.pdf , page3 used on input line 383.
(pdftex.def)             Requested size: 597.57834pt x 845.11386pt.
[23 <../Source/src_code.pdf>]

pdfTeX warning: pdflatex.exe (file ../Source/src_code.pdf): PDF inclusion: found PDF version <1.7>, but at most version <1.5> allowed
<../Source/src_code.pdf, id=172, page=4, 597.55246pt x 845.07724pt>
File: ../Source/src_code.pdf Graphic file (type pdf)
<use ../Source/src_code.pdf, page 4>
Package pdftex.def Info: ../Source/src_code.pdf , page4 used on input line 383.
(pdftex.def)             Requested size: 597.57834pt x 845.11386pt.
File: ../Source/src_code.pdf Graphic file (type pdf)
<use ../Source/src_code.pdf, page 4>
Package pdftex.def Info: ../Source/src_code.pdf , page4 used on input line 383.
(pdftex.def)             Requested size: 597.57834pt x 845.11386pt.
File: ../Source/src_code.pdf Graphic file (type pdf)
<use ../Source/src_code.pdf, page 4>
Package pdftex.def Info: ../Source/src_code.pdf , page4 used on input line 383.
(pdftex.def)             Requested size: 597.57834pt x 845.11386pt.
[24 <../Source/src_code.pdf>]

pdfTeX warning: pdflatex.exe (file ../Source/src_code.pdf): PDF inclusion: found PDF version <1.7>, but at most version <1.5> allowed
<../Source/src_code.pdf, id=177, page=5, 597.55246pt x 845.07724pt>
File: ../Source/src_code.pdf Graphic file (type pdf)
<use ../Source/src_code.pdf, page 5>
Package pdftex.def Info: ../Source/src_code.pdf , page5 used on input line 383.
(pdftex.def)             Requested size: 597.57834pt x 845.11386pt.
File: ../Source/src_code.pdf Graphic file (type pdf)
<use ../Source/src_code.pdf, page 5>
Package pdftex.def Info: ../Source/src_code.pdf , page5 used on input line 383.
(pdftex.def)             Requested size: 597.57834pt x 845.11386pt.
File: ../Source/src_code.pdf Graphic file (type pdf)
<use ../Source/src_code.pdf, page 5>
Package pdftex.def Info: ../Source/src_code.pdf , page5 used on input line 383.
(pdftex.def)             Requested size: 597.57834pt x 845.11386pt.
[25 <../Source/src_code.pdf>]

pdfTeX warning: pdflatex.exe (file ../Source/src_code.pdf): PDF inclusion: found PDF version <1.7>, but at most version <1.5> allowed
<../Source/src_code.pdf, id=181, page=6, 597.55246pt x 845.07724pt>
File: ../Source/src_code.pdf Graphic file (type pdf)
<use ../Source/src_code.pdf, page 6>
Package pdftex.def Info: ../Source/src_code.pdf , page6 used on input line 383.
(pdftex.def)             Requested size: 597.57834pt x 845.11386pt.
File: ../Source/src_code.pdf Graphic file (type pdf)
<use ../Source/src_code.pdf, page 6>
Package pdftex.def Info: ../Source/src_code.pdf , page6 used on input line 383.
(pdftex.def)             Requested size: 597.57834pt x 845.11386pt.
File: ../Source/src_code.pdf Graphic file (type pdf)
<use ../Source/src_code.pdf, page 6>
Package pdftex.def Info: ../Source/src_code.pdf , page6 used on input line 383.
(pdftex.def)             Requested size: 597.57834pt x 845.11386pt.
[26 <../Source/src_code.pdf>]

pdfTeX warning: pdflatex.exe (file ../Source/src_code.pdf): PDF inclusion: found PDF version <1.7>, but at most version <1.5> allowed
<../Source/src_code.pdf, id=185, page=7, 597.55246pt x 845.07724pt>
File: ../Source/src_code.pdf Graphic file (type pdf)
<use ../Source/src_code.pdf, page 7>
Package pdftex.def Info: ../Source/src_code.pdf , page7 used on input line 383.
(pdftex.def)             Requested size: 597.57834pt x 845.11386pt.
File: ../Source/src_code.pdf Graphic file (type pdf)
<use ../Source/src_code.pdf, page 7>
Package pdftex.def Info: ../Source/src_code.pdf , page7 used on input line 383.
(pdftex.def)             Requested size: 597.57834pt x 845.11386pt.
File: ../Source/src_code.pdf Graphic file (type pdf)
<use ../Source/src_code.pdf, page 7>
Package pdftex.def Info: ../Source/src_code.pdf , page7 used on input line 383.
(pdftex.def)             Requested size: 597.57834pt x 845.11386pt.
[27 <../Source/src_code.pdf>]

pdfTeX warning: pdflatex.exe (file ../Source/src_code.pdf): PDF inclusion: found PDF version <1.7>, but at most version <1.5> allowed
<../Source/src_code.pdf, id=189, page=8, 597.55246pt x 845.07724pt>
File: ../Source/src_code.pdf Graphic file (type pdf)
<use ../Source/src_code.pdf, page 8>
Package pdftex.def Info: ../Source/src_code.pdf , page8 used on input line 383.
(pdftex.def)             Requested size: 597.57834pt x 845.11386pt.
File: ../Source/src_code.pdf Graphic file (type pdf)
<use ../Source/src_code.pdf, page 8>
Package pdftex.def Info: ../Source/src_code.pdf , page8 used on input line 383.
(pdftex.def)             Requested size: 597.57834pt x 845.11386pt.
File: ../Source/src_code.pdf Graphic file (type pdf)
<use ../Source/src_code.pdf, page 8>
Package pdftex.def Info: ../Source/src_code.pdf , page8 used on input line 383.
(pdftex.def)             Requested size: 597.57834pt x 845.11386pt.
[28 <../Source/src_code.pdf>]

pdfTeX warning: pdflatex.exe (file ../Source/src_code.pdf): PDF inclusion: found PDF version <1.7>, but at most version <1.5> allowed
<../Source/src_code.pdf, id=193, page=9, 597.55246pt x 845.07724pt>
File: ../Source/src_code.pdf Graphic file (type pdf)
<use ../Source/src_code.pdf, page 9>
Package pdftex.def Info: ../Source/src_code.pdf , page9 used on input line 383.
(pdftex.def)             Requested size: 597.57834pt x 845.11386pt.
File: ../Source/src_code.pdf Graphic file (type pdf)
<use ../Source/src_code.pdf, page 9>
Package pdftex.def Info: ../Source/src_code.pdf , page9 used on input line 383.
(pdftex.def)             Requested size: 597.57834pt x 845.11386pt.
File: ../Source/src_code.pdf Graphic file (type pdf)
<use ../Source/src_code.pdf, page 9>
Package pdftex.def Info: ../Source/src_code.pdf , page9 used on input line 383.
(pdftex.def)             Requested size: 597.57834pt x 845.11386pt.
[29 <../Source/src_code.pdf>]

pdfTeX warning: pdflatex.exe (file ../Source/src_code.pdf): PDF inclusion: found PDF version <1.7>, but at most version <1.5> allowed
<../Source/src_code.pdf, id=197, page=10, 597.55246pt x 845.07724pt>
File: ../Source/src_code.pdf Graphic file (type pdf)
<use ../Source/src_code.pdf, page 10>
Package pdftex.def Info: ../Source/src_code.pdf , page10 used on input line 383.
(pdftex.def)             Requested size: 597.57834pt x 845.11386pt.
File: ../Source/src_code.pdf Graphic file (type pdf)
<use ../Source/src_code.pdf, page 10>
Package pdftex.def Info: ../Source/src_code.pdf , page10 used on input line 383.
(pdftex.def)             Requested size: 597.57834pt x 845.11386pt.
File: ../Source/src_code.pdf Graphic file (type pdf)
<use ../Source/src_code.pdf, page 10>
Package pdftex.def Info: ../Source/src_code.pdf , page10 used on input line 383.
(pdftex.def)             Requested size: 597.57834pt x 845.11386pt.
[30 <../Source/src_code.pdf>] (./Eksamensprojekt_ProC.aux) ) 
Here is how much of TeX's memory you used:
 18926 strings out of 482267
 379725 string characters out of 5941756
 886262 words of memory out of 5000000
 33842 multiletter control sequences out of 15000+600000
 540427 words of font info for 51 fonts, out of 8000000 for 9000
 372 hyphenation exceptions out of 8191
 60i,18n,67p,676b,1217s stack positions out of 5000i,500n,10000p,200000b,80000s
{c:/texlive/2019/texmf-dist/fonts/enc/dvips/cm-super/cm-super-ts1.enc}<c:/texlive/2019/texmf-dist/fonts/type1/public/amsfonts/cm/cmbx10.pfb><c:/texlive/2019/texmf-dist/fonts/type1/public/amsfonts/cm/cmbx12.pfb><c:/texlive/2019/texmf-dist/fonts/type1/public/amsfonts/cm/cmcsc10.pfb><c:/texlive/2019/texmf-dist/fonts/type1/public/amsfonts/cm/cmmi12.pfb><c:/texlive/2019/texmf-dist/fonts/type1/public/amsfonts/cm/cmr10.pfb><c:/texlive/2019/texmf-dist/fonts/type1/public/amsfonts/cm/cmr12.pfb><c:/texlive/2019/texmf-dist/fonts/type1/public/amsfonts/cm/cmr6.pfb><c:/texlive/2019/texmf-dist/fonts/type1/public/amsfonts/cm/cmsy10.pfb><c:/texlive/2019/texmf-dist/fonts/type1/public/amsfonts/cm/cmti10.pfb><c:/texlive/2019/texmf-dist/fonts/type1/public/amsfonts/cm/cmti12.pfb><c:/texlive/2019/texmf-dist/fonts/type1/public/amsfonts/cm/cmtt10.pfb><c:/texlive/2019/texmf-dist/fonts/type1/public/amsfonts/cm/cmtt12.pfb><c:/texlive/2019/texmf-dist/fonts/type1/public/cm-super/sfrm1200.pfb>
Output written on Eksamensprojekt_ProC.pdf (31 pages, 4312694 bytes).
PDF statistics:
 246 PDF objects out of 1000 (max. 8388607)
 146 compressed objects within 2 object streams
 0 named destinations out of 1000 (max. 500000)
 213 words of extra memory for PDF output out of 10000 (max. 10000000)

